<?xml version="1.0" encoding="UTF-8"?>
<!-- Generated by org.testng.reporters.JUnitReportReporter -->
<testsuite hostname="LAPTOP-077COGF2" failures="0" tests="1" name="com.w2a.testcases.BankManagerLoginTest" time="4.267" errors="0" timestamp="27 Jan 2022 23:24:46 GMT" skipped="0">
  <testcase classname="com.w2a.testcases.BankManagerLoginTest" name="bankManagerLoginTest" time="4.267"/>
</testsuite> <!-- com.w2a.testcases.BankManagerLoginTest -->
