<?xml version="1.0" encoding="UTF-8"?>
<!-- Generated by org.testng.reporters.JUnitReportReporter -->
<testsuite hostname="LAPTOP-077COGF2" failures="0" tests="1" name="com.w2a.testcases.BankManagerLoginTest" time="0.558" errors="0" timestamp="16 Aug 2022 00:28:38 GMT" skipped="0">
  <testcase classname="com.w2a.testcases.BankManagerLoginTest" name="bankManagerLoginTest" time="0.558"/>
</testsuite> <!-- com.w2a.testcases.BankManagerLoginTest -->
