<?xml version="1.0" encoding="UTF-8"?>
<!-- Generated by org.testng.reporters.JUnitReportReporter -->
<testsuite hostname="LAPTOP-077COGF2" failures="0" tests="1" name="com.w2a.testcases.OpenAccountTest" time="3.177" errors="0" timestamp="29 Jan 2022 06:46:12 GMT" skipped="0">
  <testcase classname="com.w2a.testcases.OpenAccountTest" name="openAccountTest" time="3.177"/>
</testsuite> <!-- com.w2a.testcases.OpenAccountTest -->
